<?xml version="1.0" encoding="UTF-8"?>
<testsuite xmlns:xsi="http://www.w3.org/2001/XMLSchema-instance" xsi:noNamespaceSchemaLocation="https://maven.apache.org/surefire/maven-surefire-plugin/xsd/surefire-test-report.xsd" name="com.client.logic.FoodSurveyTest" time="0" tests="7" errors="0" skipped="0" failures="0">
  <properties>
[...]
</properties>
  <testcase name="equals" classname="com.client.logic.FoodSurveyTest" time="0"/>
  <testcase name="setDietChoice" classname="com.client.logic.FoodSurveyTest" time="0"/>
  <testcase name="setAmountFoodCompost" classname="com.client.logic.FoodSurveyTest" time="0"/>
  <testcase name="setAmountLocalFood" classname="com.client.logic.FoodSurveyTest" time="0"/>
  <testcase name="setAmountOrganicFood" classname="com.client.logic.FoodSurveyTest" time="0"/>
  <testcase name="setAmountFoodPackaged" classname="com.client.logic.FoodSurveyTest" time="0"/>
  <testcase name="setAmountWastedFood" classname="com.client.logic.FoodSurveyTest" time="0"/>
</testsuite>